<?xml version="1.0" encoding="UTF-8"?>
<testng-results skipped="0" failed="1" ignored="0" total="7" passed="6">
  <reporter-output>
  </reporter-output>
  <suite name="Default suite" duration-ms="146057" started-at="2022-05-09T07:01:55Z" finished-at="2022-05-09T07:04:21Z">
    <groups>
    </groups>
    <test name="Default test" duration-ms="146057" started-at="2022-05-09T07:01:55Z" finished-at="2022-05-09T07:04:21Z">
      <class name="org.utilities.DDTestUsingJson">
        <test-method status="PASS" signature="setup()[pri:0, instance:org.utilities.DDTestUsingJson@589838eb]" name="setup" is-config="true" duration-ms="55309" started-at="2022-05-09T12:31:55Z" finished-at="2022-05-09T12:32:50Z">
          <reporter-output>
          </reporter-output>
        </test-method> <!-- setup -->
        <test-method status="PASS" signature="login(java.lang.String)[pri:0, instance:org.utilities.DDTestUsingJson@589838eb]" name="login" duration-ms="16260" started-at="2022-05-09T12:32:50Z" data-provider="dp" finished-at="2022-05-09T12:33:07Z">
          <params>
            <param index="0">
              <value>
                <![CDATA[sundhareswar808@gmail.com,#Test@123]]>
              </value>
            </param>
          </params>
          <reporter-output>
          </reporter-output>
        </test-method> <!-- login -->
        <test-method status="PASS" signature="login(java.lang.String)[pri:0, instance:org.utilities.DDTestUsingJson@589838eb]" name="login" duration-ms="7019" started-at="2022-05-09T12:33:07Z" data-provider="dp" finished-at="2022-05-09T12:33:14Z">
          <params>
            <param index="0">
              <value>
                <![CDATA[ajithice@gmail.com,#Test@789]]>
              </value>
            </param>
          </params>
          <reporter-output>
          </reporter-output>
        </test-method> <!-- login -->
        <test-method status="PASS" signature="login(java.lang.String)[pri:0, instance:org.utilities.DDTestUsingJson@589838eb]" name="login" duration-ms="4458" started-at="2022-05-09T12:33:14Z" data-provider="dp" finished-at="2022-05-09T12:33:18Z">
          <params>
            <param index="0">
              <value>
                <![CDATA[sundharmathi26@gmail.com,#Test@321]]>
              </value>
            </param>
          </params>
          <reporter-output>
          </reporter-output>
        </test-method> <!-- login -->
        <test-method status="PASS" signature="login(java.lang.String)[pri:0, instance:org.utilities.DDTestUsingJson@589838eb]" name="login" duration-ms="7254" started-at="2022-05-09T12:33:18Z" data-provider="dp" finished-at="2022-05-09T12:33:25Z">
          <params>
            <param index="0">
              <value>
                <![CDATA[sundharajith26@gmail.com,#Test@34]]>
              </value>
            </param>
          </params>
          <reporter-output>
          </reporter-output>
        </test-method> <!-- login -->
        <test-method status="FAIL" signature="login(java.lang.String)[pri:0, instance:org.utilities.DDTestUsingJson@589838eb]" name="login" duration-ms="40994" started-at="2022-05-09T12:33:25Z" data-provider="dp" finished-at="2022-05-09T12:34:06Z">
          <params>
            <param index="0">
              <value>
                <![CDATA[nivethamathi2002@gmail.com,#Test@678]]>
              </value>
            </param>
          </params>
          <exception class="org.openqa.selenium.NoSuchElementException">
            <message>
              <![CDATA[no such element: Unable to locate element: {"method":"css selector","selector":"#Username"}
  (Session info: chrome=100.0.4896.127)
For documentation on this error, please visit: https://www.seleniumhq.org/exceptions/no_such_element.html
Build info: version: '4.0.0-alpha-3', revision: '8c567de6dc'
System info: host: 'SUNDHAR', ip: '192.168.1.2', os.name: 'Windows 10', os.arch: 'amd64', os.version: '10.0', java.version: '1.8.0_311'
Driver info: org.openqa.selenium.chrome.ChromeDriver
Capabilities {acceptInsecureCerts: false, browserName: chrome, browserVersion: 100.0.4896.127, chrome: {chromedriverVersion: 100.0.4896.60 (6a5d10861ce8..., userDataDir: C:\Users\ELCOT\AppData\Loca...}, goog:chromeOptions: {debuggerAddress: localhost:56610}, javascriptEnabled: true, networkConnectionEnabled: false, pageLoadStrategy: normal, platform: WINDOWS, platformName: WINDOWS, proxy: Proxy(), setWindowRect: true, strictFileInteractability: false, timeouts: {implicit: 0, pageLoad: 300000, script: 30000}, unhandledPromptBehavior: dismiss and notify, webauthn:extension:credBlob: true, webauthn:extension:largeBlob: true, webauthn:virtualAuthenticators: true}
Session ID: 447ab44dbab2ed73435471f684025aea
*** Element info: {Using=id, value=Username}]]>
            </message>
            <full-stacktrace>
              <![CDATA[org.openqa.selenium.NoSuchElementException: no such element: Unable to locate element: {"method":"css selector","selector":"#Username"}
  (Session info: chrome=100.0.4896.127)
For documentation on this error, please visit: https://www.seleniumhq.org/exceptions/no_such_element.html
Build info: version: '4.0.0-alpha-3', revision: '8c567de6dc'
System info: host: 'SUNDHAR', ip: '192.168.1.2', os.name: 'Windows 10', os.arch: 'amd64', os.version: '10.0', java.version: '1.8.0_311'
Driver info: org.openqa.selenium.chrome.ChromeDriver
Capabilities {acceptInsecureCerts: false, browserName: chrome, browserVersion: 100.0.4896.127, chrome: {chromedriverVersion: 100.0.4896.60 (6a5d10861ce8..., userDataDir: C:\Users\ELCOT\AppData\Loca...}, goog:chromeOptions: {debuggerAddress: localhost:56610}, javascriptEnabled: true, networkConnectionEnabled: false, pageLoadStrategy: normal, platform: WINDOWS, platformName: WINDOWS, proxy: Proxy(), setWindowRect: true, strictFileInteractability: false, timeouts: {implicit: 0, pageLoad: 300000, script: 30000}, unhandledPromptBehavior: dismiss and notify, webauthn:extension:credBlob: true, webauthn:extension:largeBlob: true, webauthn:virtualAuthenticators: true}
Session ID: 447ab44dbab2ed73435471f684025aea
*** Element info: {Using=id, value=Username}
	at sun.reflect.NativeConstructorAccessorImpl.newInstance0(Native Method)
	at sun.reflect.NativeConstructorAccessorImpl.newInstance(Unknown Source)
	at sun.reflect.DelegatingConstructorAccessorImpl.newInstance(Unknown Source)
	at java.lang.reflect.Constructor.newInstance(Unknown Source)
	at org.openqa.selenium.remote.codec.w3c.W3CHttpResponseCodec.createException(W3CHttpResponseCodec.java:191)
	at org.openqa.selenium.remote.codec.w3c.W3CHttpResponseCodec.decode(W3CHttpResponseCodec.java:125)
	at org.openqa.selenium.remote.codec.w3c.W3CHttpResponseCodec.decode(W3CHttpResponseCodec.java:52)
	at org.openqa.selenium.remote.HttpCommandExecutor.execute(HttpCommandExecutor.java:161)
	at org.openqa.selenium.remote.service.DriverCommandExecutor.execute(DriverCommandExecutor.java:83)
	at org.openqa.selenium.remote.RemoteWebDriver.execute(RemoteWebDriver.java:576)
	at org.openqa.selenium.remote.RemoteWebDriver.findElement(RemoteWebDriver.java:327)
	at org.openqa.selenium.remote.RemoteWebDriver.findElementById(RemoteWebDriver.java:375)
	at org.openqa.selenium.By$ById.findElement(By.java:196)
	at org.openqa.selenium.remote.RemoteWebDriver.findElement(RemoteWebDriver.java:319)
	at org.utilities.DDTestUsingJson.login(DDTestUsingJson.java:62)
	at sun.reflect.NativeMethodAccessorImpl.invoke0(Native Method)
	at sun.reflect.NativeMethodAccessorImpl.invoke(Unknown Source)
	at sun.reflect.DelegatingMethodAccessorImpl.invoke(Unknown Source)
	at java.lang.reflect.Method.invoke(Unknown Source)
	at org.testng.internal.MethodInvocationHelper.invokeMethod(MethodInvocationHelper.java:104)
	at org.testng.internal.Invoker.invokeMethod(Invoker.java:645)
	at org.testng.internal.Invoker.invokeTestMethod(Invoker.java:851)
	at org.testng.internal.Invoker.invokeTestMethods(Invoker.java:1177)
	at org.testng.internal.TestMethodWorker.invokeTestMethods(TestMethodWorker.java:129)
	at org.testng.internal.TestMethodWorker.run(TestMethodWorker.java:112)
	at org.testng.TestRunner.privateRun(TestRunner.java:756)
	at org.testng.TestRunner.run(TestRunner.java:610)
	at org.testng.SuiteRunner.runTest(SuiteRunner.java:387)
	at org.testng.SuiteRunner.runSequentially(SuiteRunner.java:382)
	at org.testng.SuiteRunner.privateRun(SuiteRunner.java:340)
	at org.testng.SuiteRunner.run(SuiteRunner.java:289)
	at org.testng.SuiteRunnerWorker.runSuite(SuiteRunnerWorker.java:52)
	at org.testng.SuiteRunnerWorker.run(SuiteRunnerWorker.java:86)
	at org.testng.TestNG.runSuitesSequentially(TestNG.java:1293)
	at org.testng.TestNG.runSuitesLocally(TestNG.java:1218)
	at org.testng.TestNG.runSuites(TestNG.java:1133)
	at org.testng.TestNG.run(TestNG.java:1104)
	at org.testng.remote.AbstractRemoteTestNG.run(AbstractRemoteTestNG.java:132)
	at org.testng.remote.RemoteTestNG.initAndRun(RemoteTestNG.java:236)
	at org.testng.remote.RemoteTestNG.main(RemoteTestNG.java:81)
]]>
            </full-stacktrace>
          </exception> <!-- org.openqa.selenium.NoSuchElementException -->
          <reporter-output>
          </reporter-output>
        </test-method> <!-- login -->
        <test-method status="PASS" signature="login(java.lang.String)[pri:0, instance:org.utilities.DDTestUsingJson@589838eb]" name="login" duration-ms="6756" started-at="2022-05-09T12:34:07Z" data-provider="dp" finished-at="2022-05-09T12:34:13Z">
          <params>
            <param index="0">
              <value>
                <![CDATA[manimozhimathi75@gmail.com,#Test@65]]>
              </value>
            </param>
          </params>
          <reporter-output>
          </reporter-output>
        </test-method> <!-- login -->
        <test-method status="PASS" signature="login(java.lang.String)[pri:0, instance:org.utilities.DDTestUsingJson@589838eb]" name="login" duration-ms="5923" started-at="2022-05-09T12:34:13Z" data-provider="dp" finished-at="2022-05-09T12:34:19Z">
          <params>
            <param index="0">
              <value>
                <![CDATA[ajithice2622@gmail.com,#Test@o86]]>
              </value>
            </param>
          </params>
          <reporter-output>
          </reporter-output>
        </test-method> <!-- login -->
        <test-method status="PASS" signature="closeBrowser()[pri:0, instance:org.utilities.DDTestUsingJson@589838eb]" name="closeBrowser" is-config="true" duration-ms="0" started-at="2022-05-09T12:34:19Z" finished-at="2022-05-09T12:34:19Z">
          <reporter-output>
          </reporter-output>
        </test-method> <!-- closeBrowser -->
        <test-method status="PASS" signature="screenShot()[pri:0, instance:org.utilities.DDTestUsingJson@589838eb]" name="screenShot" is-config="true" duration-ms="1586" started-at="2022-05-09T12:34:19Z" finished-at="2022-05-09T12:34:21Z">
          <reporter-output>
          </reporter-output>
        </test-method> <!-- screenShot -->
      </class> <!-- org.utilities.DDTestUsingJson -->
    </test> <!-- Default test -->
  </suite> <!-- Default suite -->
</testng-results>
